<?xml version="1.0" encoding="UTF-8" ?>
<testsuite tests="3" failures="1" name="RunnerPetStoreTest" time="4.056" errors="0" skipped="0">
  <properties>
[...]
</properties>
  <testcase classname="Create Pet Store" name="Create a new pet" time="2.134"/>
  <testcase classname="Create Pet Store" name="Delete an pet" time="1.011"/>
  <testcase classname="Create Pet Store" name="Placing an order" time="0.911">
    <failure message="expected:&lt;200&gt; but was:&lt;500&gt;" type="java.lang.AssertionError">java.lang.AssertionError: expected:&lt;200&gt; but was:&lt;500&gt;
	at org.junit.Assert.fail(Assert.java:89)
	at org.junit.Assert.failNotEquals(Assert.java:835)
	at org.junit.Assert.assertEquals(Assert.java:647)
	at org.junit.Assert.assertEquals(Assert.java:633)
	at PetStoreStepDefinitions.assertSingleResult(PetStoreStepDefinitions.java:113)
	at ✽.Status for &apos;200&apos;(classpath:PetStore.feature:28)
</failure>
    <system-out>
Scenario Outline: Placing an order &amp;#27;[90m# PetStore.feature:32&amp;#27;[0m
Add URL :https://petstore.swagger.io/v2/pet
searchTerm :blackpanter
  &amp;#27;[32mGiven &amp;#27;[0m&amp;#27;[32mEnter name &apos;&amp;#27;[0m&amp;#27;[32m&amp;#27;[1mblackpanter&amp;#27;[0m&amp;#27;[32m&apos;&amp;#27;[0m   &amp;#27;[90m# PetStoreStepDefinitions.given_name(java.lang.String)&amp;#27;[0m
Request Place Order =====&gt; :https://petstore.swagger.io/v2/pet
1
blackpanter
available
Request Delete =====&gt; :https://petstore.swagger.io/v2/store/order
  &amp;#27;[32mWhen &amp;#27;[0m&amp;#27;[32mDo place order request&amp;#27;[0m      &amp;#27;[90m# PetStoreStepDefinitions.place_order_request()&amp;#27;[0m
  &amp;#27;[31mThen &amp;#27;[0m&amp;#27;[31mStatus for &apos;&amp;#27;[0m&amp;#27;[31m&amp;#27;[1m200&amp;#27;[0m&amp;#27;[31m&apos;&amp;#27;[0m            &amp;#27;[90m# PetStoreStepDefinitions.assertSingleResult(int)&amp;#27;[0m
      &amp;#27;[31mjava.lang.AssertionError: expected:&lt;200&gt; but was:&lt;500&gt;
	at org.junit.Assert.fail(Assert.java:89)
	at org.junit.Assert.failNotEquals(Assert.java:835)
	at org.junit.Assert.assertEquals(Assert.java:647)
	at org.junit.Assert.assertEquals(Assert.java:633)
	at PetStoreStepDefinitions.assertSingleResult(PetStoreStepDefinitions.java:113)
	at ✽.Status for &apos;200&apos;(classpath:PetStore.feature:28)
&amp;#27;[0m
</system-out>
  </testcase>
</testsuite>